<?xml version="1.0" encoding="UTF-8"?>
<!-- Generated by org.testng.reporters.JUnitReportReporter -->
<testsuite hostname="LAPTOP-34TFF43U" name="automationFramework.UDF_TC" tests="1" failures="0" timestamp="6 May 2017 02:15:25 GMT" time="11.561" errors="0">
  <testcase name="main" time="11.561" classname="automationFramework.UDF_TC"/>
</testsuite> <!-- automationFramework.UDF_TC -->
