<?xml version="1.0" encoding="UTF-8"?>
<!-- Generated by org.testng.reporters.JUnitReportReporter -->
<testsuite hostname="LAPTOP-34TFF43U" name="automationFramework.TestNG_Framework" tests="1" failures="0" timestamp="4 May 2017 16:48:50 GMT" time="11.083" errors="0">
  <testcase name="main" time="11.083" classname="automationFramework.TestNG_Framework"/>
</testsuite> <!-- automationFramework.TestNG_Framework -->
