<?xml version="1.0" encoding="UTF-8"?>
<!-- Generated by org.testng.reporters.JUnitReportReporter -->
<testsuite skipped="0" hostname="LAPTOP-34TFF43U" name="automationFramework.MecuryTours_TestCases_Neth" tests="3" failures="0" timestamp="18 Jul 2017 18:17:39 GMT" time="44.777" errors="0">
  <testcase name="TestCase1" time="21.058" classname="automationFramework.MecuryTours_TestCases_Neth"/>
  <testcase name="TestCase3" time="13.399" classname="automationFramework.MecuryTours_TestCases_Neth"/>
  <testcase name="TestCase2" time="10.320" classname="automationFramework.MecuryTours_TestCases_Neth"/>
</testsuite> <!-- automationFramework.MecuryTours_TestCases_Neth -->
