<?xml version="1.0" encoding="UTF-8"?>
<!-- Generated by org.testng.reporters.JUnitReportReporter -->
<testsuite hostname="LAPTOP-34TFF43U" name="automationFramework.UDF_FrameWorkByNeth" tests="5" failures="0" timestamp="15 May 2017 14:33:41 GMT" time="67.220" errors="0">
  <testcase name="TestCase3" time="11.458" classname="automationFramework.UDF_FrameWorkByNeth"/>
  <testcase name="TestCase2" time="11.018" classname="automationFramework.UDF_FrameWorkByNeth"/>
  <testcase name="TestCase5" time="12.168" classname="automationFramework.UDF_FrameWorkByNeth"/>
  <testcase name="TestCase1" time="20.772" classname="automationFramework.UDF_FrameWorkByNeth"/>
  <testcase name="TestCase4" time="11.804" classname="automationFramework.UDF_FrameWorkByNeth"/>
</testsuite> <!-- automationFramework.UDF_FrameWorkByNeth -->
